<?xml version="1.0" encoding="UTF-8"?>
<!-- Generated by org.testng.reporters.JUnitXMLReporter -->
<testsuite ignored="0" hostname="DESKTOP-I4FDV2H" failures="0" tests="4" name="Default test" time="2.156" errors="0" timestamp="2024-08-31T11:31:17 EET">
  <testcase classname="databaseTestingWorkbenech.TestCasesTestingDatabase" name="test1ToGetData" time="0.171"/>
  <testcase classname="databaseTestingWorkbenech.TestCasesTestingDatabase" name="AddData" time="0.019"/>
  <testcase classname="databaseTestingWorkbenech.TestCasesTestingDatabase" name="UpdateData" time="0.044"/>
  <testcase classname="databaseTestingWorkbenech.TestCasesTestingDatabase" name="DeleteData" time="0.011"/>
</testsuite> <!-- Default test -->
